{"/Users/mattstyles/projects/raid/raid/spec/signal.js":{"path":"/Users/mattstyles/projects/raid/raid/spec/signal.js","s":{"1":1,"2":1,"3":1,"4":1,"5":1,"6":1,"7":1,"8":1,"9":1,"10":1,"11":1,"12":1,"13":1,"14":1,"15":1,"16":1,"17":1,"18":1,"19":1,"20":1,"21":1,"22":1,"23":1,"24":1,"25":1,"26":1,"27":0,"28":1,"29":1,"30":1,"31":1,"32":0,"33":1,"34":1,"35":1,"36":0,"37":0,"38":0,"39":0,"40":0,"41":0,"42":0,"43":0,"44":0,"45":0,"46":0,"47":0,"48":0,"49":1,"50":1,"51":1,"52":1,"53":1,"54":1,"55":1,"56":1,"57":1,"58":1,"59":1,"60":1,"61":1,"62":1,"63":1,"64":1,"65":1,"66":1,"67":1,"68":1,"69":1,"70":1,"71":1,"72":1,"73":1,"74":1,"75":1,"76":1,"77":1,"78":1,"79":1,"80":1,"81":1,"82":1,"83":1,"84":1,"85":1,"86":1,"87":1,"88":1,"89":1,"90":1,"91":1,"92":1},"b":{"1":[1,0]},"f":{},"fnMap":{},"statementMap":{"1":{"start":{"line":2,"column":0},"end":{"line":2,"column":28}},"2":{"start":{"line":4,"column":0},"end":{"line":4,"column":34}},"3":{"start":{"line":6,"column":0},"end":{"line":19,"column":2}},"4":{"start":{"line":7,"column":2},"end":{"line":7,"column":11}},"5":{"start":{"line":9,"column":2},"end":{"line":9,"column":27}},"6":{"start":{"line":10,"column":2},"end":{"line":10,"column":41}},"7":{"start":{"line":12,"column":2},"end":{"line":12,"column":76}},"8":{"start":{"line":13,"column":2},"end":{"line":14,"column":52}},"9":{"start":{"line":16,"column":2},"end":{"line":16,"column":11}},"10":{"start":{"line":18,"column":2},"end":{"line":18,"column":79}},"11":{"start":{"line":21,"column":0},"end":{"line":32,"column":2}},"12":{"start":{"line":22,"column":2},"end":{"line":22,"column":11}},"13":{"start":{"line":24,"column":2},"end":{"line":24,"column":27}},"14":{"start":{"line":25,"column":2},"end":{"line":25,"column":34}},"15":{"start":{"line":27,"column":2},"end":{"line":27,"column":68}},"16":{"start":{"line":29,"column":2},"end":{"line":29,"column":23}},"17":{"start":{"line":31,"column":2},"end":{"line":31,"column":72}},"18":{"start":{"line":34,"column":0},"end":{"line":42,"column":2}},"19":{"start":{"line":35,"column":2},"end":{"line":35,"column":11}},"20":{"start":{"line":37,"column":2},"end":{"line":37,"column":27}},"21":{"start":{"line":38,"column":2},"end":{"line":38,"column":35}},"22":{"start":{"line":40,"column":2},"end":{"line":41,"column":48}},"23":{"start":{"line":44,"column":0},"end":{"line":59,"column":2}},"24":{"start":{"line":45,"column":2},"end":{"line":45,"column":11}},"25":{"start":{"line":47,"column":2},"end":{"line":47,"column":27}},"26":{"start":{"line":48,"column":2},"end":{"line":48,"column":35}},"27":{"start":{"line":48,"column":29},"end":{"line":48,"column":34}},"28":{"start":{"line":49,"column":2},"end":{"line":51,"column":4}},"29":{"start":{"line":50,"column":4},"end":{"line":50,"column":63}},"30":{"start":{"line":53,"column":2},"end":{"line":53,"column":40}},"31":{"start":{"line":54,"column":2},"end":{"line":54,"column":36}},"32":{"start":{"line":54,"column":30},"end":{"line":54,"column":35}},"33":{"start":{"line":55,"column":2},"end":{"line":58,"column":4}},"34":{"start":{"line":56,"column":4},"end":{"line":57,"column":58}},"35":{"start":{"line":61,"column":0},"end":{"line":85,"column":2}},"36":{"start":{"line":62,"column":2},"end":{"line":62,"column":11}},"37":{"start":{"line":64,"column":2},"end":{"line":64,"column":27}},"38":{"start":{"line":65,"column":2},"end":{"line":68,"column":4}},"39":{"start":{"line":66,"column":4},"end":{"line":66,"column":33}},"40":{"start":{"line":67,"column":4},"end":{"line":67,"column":21}},"41":{"start":{"line":69,"column":2},"end":{"line":82,"column":3}},"42":{"start":{"line":71,"column":6},"end":{"line":71,"column":29}},"43":{"start":{"line":72,"column":6},"end":{"line":72,"column":19}},"44":{"start":{"line":75,"column":6},"end":{"line":75,"column":28}},"45":{"start":{"line":76,"column":6},"end":{"line":76,"column":13}},"46":{"start":{"line":79,"column":6},"end":{"line":79,"column":31}},"47":{"start":{"line":80,"column":6},"end":{"line":80,"column":13}},"48":{"start":{"line":84,"column":2},"end":{"line":84,"column":31}},"49":{"start":{"line":87,"column":0},"end":{"line":95,"column":2}},"50":{"start":{"line":88,"column":2},"end":{"line":88,"column":11}},"51":{"start":{"line":90,"column":2},"end":{"line":90,"column":28}},"52":{"start":{"line":91,"column":2},"end":{"line":91,"column":34}},"53":{"start":{"line":92,"column":2},"end":{"line":94,"column":4}},"54":{"start":{"line":93,"column":4},"end":{"line":93,"column":56}},"55":{"start":{"line":97,"column":0},"end":{"line":113,"column":2}},"56":{"start":{"line":98,"column":2},"end":{"line":98,"column":11}},"57":{"start":{"line":100,"column":2},"end":{"line":100,"column":15}},"58":{"start":{"line":101,"column":2},"end":{"line":101,"column":27}},"59":{"start":{"line":102,"column":2},"end":{"line":108,"column":4}},"60":{"start":{"line":103,"column":4},"end":{"line":103,"column":11}},"61":{"start":{"line":104,"column":4},"end":{"line":106,"column":5}},"62":{"start":{"line":105,"column":6},"end":{"line":105,"column":43}},"63":{"start":{"line":107,"column":4},"end":{"line":107,"column":16}},"64":{"start":{"line":110,"column":2},"end":{"line":110,"column":26}},"65":{"start":{"line":112,"column":2},"end":{"line":112,"column":31}},"66":{"start":{"line":115,"column":0},"end":{"line":131,"column":2}},"67":{"start":{"line":116,"column":2},"end":{"line":116,"column":11}},"68":{"start":{"line":118,"column":2},"end":{"line":118,"column":28}},"69":{"start":{"line":119,"column":2},"end":{"line":119,"column":34}},"70":{"start":{"line":120,"column":2},"end":{"line":127,"column":4}},"71":{"start":{"line":121,"column":4},"end":{"line":121,"column":78}},"72":{"start":{"line":122,"column":4},"end":{"line":122,"column":69}},"73":{"start":{"line":123,"column":4},"end":{"line":126,"column":38}},"74":{"start":{"line":129,"column":2},"end":{"line":129,"column":26}},"75":{"start":{"line":130,"column":2},"end":{"line":130,"column":47}},"76":{"start":{"line":133,"column":0},"end":{"line":151,"column":2}},"77":{"start":{"line":134,"column":2},"end":{"line":134,"column":11}},"78":{"start":{"line":136,"column":2},"end":{"line":136,"column":28}},"79":{"start":{"line":137,"column":2},"end":{"line":137,"column":34}},"80":{"start":{"line":138,"column":2},"end":{"line":141,"column":4}},"81":{"start":{"line":139,"column":4},"end":{"line":139,"column":22}},"82":{"start":{"line":140,"column":4},"end":{"line":140,"column":16}},"83":{"start":{"line":142,"column":2},"end":{"line":147,"column":4}},"84":{"start":{"line":143,"column":4},"end":{"line":146,"column":46}},"85":{"start":{"line":149,"column":2},"end":{"line":149,"column":26}},"86":{"start":{"line":150,"column":2},"end":{"line":150,"column":17}},"87":{"start":{"line":153,"column":0},"end":{"line":163,"column":2}},"88":{"start":{"line":154,"column":2},"end":{"line":154,"column":11}},"89":{"start":{"line":156,"column":2},"end":{"line":156,"column":27}},"90":{"start":{"line":158,"column":2},"end":{"line":158,"column":26}},"91":{"start":{"line":160,"column":2},"end":{"line":162,"column":41}},"92":{"start":{"line":161,"column":4},"end":{"line":161,"column":32}}},"branchMap":{"1":{"line":104,"type":"if","locations":[{"start":{"line":104,"column":4},"end":{"line":104,"column":4}},{"start":{"line":104,"column":4},"end":{"line":104,"column":4}}]}}},"/Users/mattstyles/projects/raid/raid/lib/index.js":{"path":"/Users/mattstyles/projects/raid/raid/lib/index.js","s":{"1":1,"2":1,"3":1,"4":1,"5":1,"6":1,"7":1,"8":1},"b":{"1":[1,0],"2":[1,1]},"f":{"1":1},"fnMap":{"1":{"name":"_interopRequireDefault","line":11,"loc":{"start":{"line":11,"column":0},"end":{"line":11,"column":37}}}},"statementMap":{"1":{"start":{"line":3,"column":0},"end":{"line":5,"column":3}},"2":{"start":{"line":7,"column":0},"end":{"line":7,"column":34}},"3":{"start":{"line":9,"column":0},"end":{"line":9,"column":47}},"4":{"start":{"line":11,"column":0},"end":{"line":11,"column":95}},"5":{"start":{"line":11,"column":39},"end":{"line":11,"column":93}},"6":{"start":{"line":13,"column":0},"end":{"line":15,"column":2}},"7":{"start":{"line":17,"column":0},"end":{"line":17,"column":23}},"8":{"start":{"line":19,"column":0},"end":{"line":19,"column":22}}},"branchMap":{"1":{"line":11,"type":"cond-expr","locations":[{"start":{"line":11,"column":70},"end":{"line":11,"column":73}},{"start":{"line":11,"column":76},"end":{"line":11,"column":92}}]},"2":{"line":11,"type":"binary-expr","locations":[{"start":{"line":11,"column":46},"end":{"line":11,"column":49}},{"start":{"line":11,"column":53},"end":{"line":11,"column":67}}]}}},"/Users/mattstyles/projects/raid/raid/lib/signal.js":{"path":"/Users/mattstyles/projects/raid/raid/lib/signal.js","s":{"1":1,"2":1,"3":4,"4":0,"5":1,"6":1,"7":1,"8":1,"9":1,"10":1,"11":1,"12":10,"13":0,"14":1,"15":10,"16":10,"17":10,"18":10,"19":4,"20":1,"21":3,"22":10,"23":7,"24":10,"25":10,"26":9,"27":9,"28":9,"29":1,"30":10,"31":2,"32":10,"33":10,"34":10,"35":3,"36":4,"37":1},"b":{"1":[1,0],"2":[1,1],"3":[0,0],"4":[0,0,0,0],"5":[0,1],"6":[1,1],"7":[0,10],"8":[4,6],"9":[10,4],"10":[1,3],"11":[0,4],"12":[2,7],"13":[9,2]},"f":{"1":4,"2":0,"3":1,"4":10,"5":10,"6":4,"7":7,"8":9,"9":1,"10":2,"11":3,"12":4},"fnMap":{"1":{"name":"(anonymous_1)","line":7,"loc":{"start":{"line":7,"column":84},"end":{"line":7,"column":99}}},"2":{"name":"(anonymous_2)","line":7,"loc":{"start":{"line":7,"column":124},"end":{"line":7,"column":139}}},"3":{"name":"_interopRequireDefault","line":17,"loc":{"start":{"line":17,"column":0},"end":{"line":17,"column":37}}},"4":{"name":"_classCallCheck","line":19,"loc":{"start":{"line":19,"column":0},"end":{"line":19,"column":48}}},"5":{"name":"Signal","line":32,"loc":{"start":{"line":32,"column":0},"end":{"line":32,"column":18}}},"6":{"name":"(anonymous_6)","line":39,"loc":{"start":{"line":39,"column":14},"end":{"line":39,"column":33}}},"7":{"name":"(anonymous_7)","line":47,"loc":{"start":{"line":47,"column":17},"end":{"line":47,"column":58}}},"8":{"name":"(anonymous_8)","line":53,"loc":{"start":{"line":53,"column":18},"end":{"line":53,"column":37}}},"9":{"name":"dispose","line":59,"loc":{"start":{"line":59,"column":11},"end":{"line":59,"column":30}}},"10":{"name":"(anonymous_10)","line":64,"loc":{"start":{"line":64,"column":17},"end":{"line":64,"column":32}}},"11":{"name":"(anonymous_11)","line":74,"loc":{"start":{"line":74,"column":66},"end":{"line":74,"column":90}}},"12":{"name":"(anonymous_12)","line":79,"loc":{"start":{"line":79,"column":53},"end":{"line":79,"column":79}}}},"statementMap":{"1":{"start":{"line":3,"column":0},"end":{"line":5,"column":3}},"2":{"start":{"line":7,"column":0},"end":{"line":7,"column":269}},"3":{"start":{"line":7,"column":101},"end":{"line":7,"column":119}},"4":{"start":{"line":7,"column":141},"end":{"line":7,"column":266}},"5":{"start":{"line":9,"column":0},"end":{"line":9,"column":28}},"6":{"start":{"line":11,"column":0},"end":{"line":11,"column":45}},"7":{"start":{"line":13,"column":0},"end":{"line":13,"column":59}},"8":{"start":{"line":15,"column":0},"end":{"line":15,"column":32}},"9":{"start":{"line":17,"column":0},"end":{"line":17,"column":95}},"10":{"start":{"line":17,"column":39},"end":{"line":17,"column":93}},"11":{"start":{"line":19,"column":0},"end":{"line":19,"column":153}},"12":{"start":{"line":19,"column":50},"end":{"line":19,"column":151}},"13":{"start":{"line":19,"column":92},"end":{"line":19,"column":149}},"14":{"start":{"line":25,"column":0},"end":{"line":121,"column":1}},"15":{"start":{"line":33,"column":2},"end":{"line":33,"column":19}},"16":{"start":{"line":35,"column":2},"end":{"line":35,"column":92}},"17":{"start":{"line":37,"column":2},"end":{"line":37,"column":32}},"18":{"start":{"line":39,"column":2},"end":{"line":45,"column":4}},"19":{"start":{"line":40,"column":4},"end":{"line":42,"column":5}},"20":{"start":{"line":41,"column":6},"end":{"line":41,"column":64}},"21":{"start":{"line":44,"column":4},"end":{"line":44,"column":42}},"22":{"start":{"line":47,"column":2},"end":{"line":49,"column":4}},"23":{"start":{"line":48,"column":4},"end":{"line":48,"column":56}},"24":{"start":{"line":51,"column":2},"end":{"line":51,"column":32}},"25":{"start":{"line":53,"column":2},"end":{"line":62,"column":4}},"26":{"start":{"line":54,"column":4},"end":{"line":54,"column":100}},"27":{"start":{"line":57,"column":4},"end":{"line":57,"column":37}},"28":{"start":{"line":59,"column":4},"end":{"line":61,"column":18}},"29":{"start":{"line":60,"column":6},"end":{"line":60,"column":31}},"30":{"start":{"line":64,"column":2},"end":{"line":66,"column":4}},"31":{"start":{"line":65,"column":4},"end":{"line":65,"column":38}},"32":{"start":{"line":68,"column":2},"end":{"line":68,"column":46}},"33":{"start":{"line":69,"column":2},"end":{"line":69,"column":28}},"34":{"start":{"line":74,"column":2},"end":{"line":82,"column":19}},"35":{"start":{"line":79,"column":4},"end":{"line":81,"column":14}},"36":{"start":{"line":80,"column":6},"end":{"line":80,"column":35}},"37":{"start":{"line":123,"column":0},"end":{"line":123,"column":25}}},"branchMap":{"1":{"line":7,"type":"cond-expr","locations":[{"start":{"line":7,"column":84},"end":{"line":7,"column":121}},{"start":{"line":7,"column":124},"end":{"line":7,"column":268}}]},"2":{"line":7,"type":"binary-expr","locations":[{"start":{"line":7,"column":14},"end":{"line":7,"column":42}},{"start":{"line":7,"column":46},"end":{"line":7,"column":81}}]},"3":{"line":7,"type":"cond-expr","locations":[{"start":{"line":7,"column":244},"end":{"line":7,"column":252}},{"start":{"line":7,"column":255},"end":{"line":7,"column":265}}]},"4":{"line":7,"type":"binary-expr","locations":[{"start":{"line":7,"column":148},"end":{"line":7,"column":151}},{"start":{"line":7,"column":155},"end":{"line":7,"column":183}},{"start":{"line":7,"column":187},"end":{"line":7,"column":213}},{"start":{"line":7,"column":217},"end":{"line":7,"column":241}}]},"5":{"line":17,"type":"cond-expr","locations":[{"start":{"line":17,"column":70},"end":{"line":17,"column":73}},{"start":{"line":17,"column":76},"end":{"line":17,"column":92}}]},"6":{"line":17,"type":"binary-expr","locations":[{"start":{"line":17,"column":46},"end":{"line":17,"column":49}},{"start":{"line":17,"column":53},"end":{"line":17,"column":67}}]},"7":{"line":19,"type":"if","locations":[{"start":{"line":19,"column":50},"end":{"line":19,"column":50}},{"start":{"line":19,"column":50},"end":{"line":19,"column":50}}]},"8":{"line":35,"type":"cond-expr","locations":[{"start":{"line":35,"column":74},"end":{"line":35,"column":86}},{"start":{"line":35,"column":89},"end":{"line":35,"column":91}}]},"9":{"line":35,"type":"binary-expr","locations":[{"start":{"line":35,"column":21},"end":{"line":35,"column":41}},{"start":{"line":35,"column":45},"end":{"line":35,"column":71}}]},"10":{"line":40,"type":"if","locations":[{"start":{"line":40,"column":4},"end":{"line":40,"column":4}},{"start":{"line":40,"column":4},"end":{"line":40,"column":4}}]},"11":{"line":40,"type":"cond-expr","locations":[{"start":{"line":40,"column":42},"end":{"line":40,"column":53}},{"start":{"line":40,"column":56},"end":{"line":40,"column":72}}]},"12":{"line":54,"type":"cond-expr","locations":[{"start":{"line":54,"column":67},"end":{"line":54,"column":79}},{"start":{"line":54,"column":82},"end":{"line":54,"column":99}}]},"13":{"line":54,"type":"binary-expr","locations":[{"start":{"line":54,"column":14},"end":{"line":54,"column":34}},{"start":{"line":54,"column":38},"end":{"line":54,"column":64}}]}}},"/Users/mattstyles/projects/raid/raid/lib/utils.js":{"path":"/Users/mattstyles/projects/raid/raid/lib/utils.js","s":{"1":1,"2":1,"3":3,"4":3,"5":3,"6":3,"7":3,"8":4,"9":4,"10":0,"11":0,"12":3,"13":3,"14":0,"15":3,"16":0,"17":3,"18":1,"19":7},"b":{"1":[0,3],"2":[3,0],"3":[0,3]},"f":{"1":3,"2":7},"fnMap":{"1":{"name":"fold","line":15,"loc":{"start":{"line":15,"column":26},"end":{"line":15,"column":57}}},"2":{"name":"uid","line":48,"loc":{"start":{"line":48,"column":24},"end":{"line":48,"column":39}}}},"statementMap":{"1":{"start":{"line":3,"column":0},"end":{"line":5,"column":3}},"2":{"start":{"line":15,"column":0},"end":{"line":42,"column":2}},"3":{"start":{"line":16,"column":2},"end":{"line":16,"column":39}},"4":{"start":{"line":17,"column":2},"end":{"line":17,"column":32}},"5":{"start":{"line":18,"column":2},"end":{"line":18,"column":33}},"6":{"start":{"line":20,"column":2},"end":{"line":39,"column":3}},"7":{"start":{"line":21,"column":4},"end":{"line":25,"column":5}},"8":{"start":{"line":22,"column":6},"end":{"line":22,"column":30}},"9":{"start":{"line":24,"column":6},"end":{"line":24,"column":35}},"10":{"start":{"line":27,"column":4},"end":{"line":27,"column":29}},"11":{"start":{"line":28,"column":4},"end":{"line":28,"column":25}},"12":{"start":{"line":30,"column":4},"end":{"line":38,"column":5}},"13":{"start":{"line":31,"column":6},"end":{"line":33,"column":7}},"14":{"start":{"line":32,"column":8},"end":{"line":32,"column":27}},"15":{"start":{"line":35,"column":6},"end":{"line":37,"column":7}},"16":{"start":{"line":36,"column":8},"end":{"line":36,"column":29}},"17":{"start":{"line":41,"column":2},"end":{"line":41,"column":17}},"18":{"start":{"line":48,"column":0},"end":{"line":50,"column":2}},"19":{"start":{"line":49,"column":2},"end":{"line":49,"column":53}}},"branchMap":{"1":{"line":31,"type":"if","locations":[{"start":{"line":31,"column":6},"end":{"line":31,"column":6}},{"start":{"line":31,"column":6},"end":{"line":31,"column":6}}]},"2":{"line":31,"type":"binary-expr","locations":[{"start":{"line":31,"column":10},"end":{"line":31,"column":36}},{"start":{"line":31,"column":40},"end":{"line":31,"column":56}}]},"3":{"line":35,"type":"if","locations":[{"start":{"line":35,"column":6},"end":{"line":35,"column":6}},{"start":{"line":35,"column":6},"end":{"line":35,"column":6}}]}}}}