TN:
SF:/Users/mattstyles/projects/raid/raid/spec/signal.js
FNF:0
FNH:0
DA:2,1
DA:4,1
DA:6,1
DA:7,1
DA:9,1
DA:10,1
DA:12,1
DA:13,1
DA:16,1
DA:18,1
DA:21,1
DA:22,1
DA:24,1
DA:25,1
DA:27,1
DA:29,1
DA:31,1
DA:34,1
DA:35,1
DA:37,1
DA:38,1
DA:40,1
DA:44,1
DA:45,1
DA:47,1
DA:48,1
DA:49,1
DA:50,1
DA:53,1
DA:54,1
DA:55,1
DA:56,1
DA:61,1
DA:62,0
DA:64,0
DA:65,0
DA:66,0
DA:67,0
DA:69,0
DA:71,0
DA:72,0
DA:75,0
DA:76,0
DA:79,0
DA:80,0
DA:84,0
DA:87,1
DA:88,1
DA:90,1
DA:91,1
DA:92,1
DA:93,1
DA:97,1
DA:98,1
DA:100,1
DA:101,1
DA:102,1
DA:103,1
DA:104,1
DA:105,1
DA:107,1
DA:110,1
DA:112,1
DA:115,1
DA:116,1
DA:118,1
DA:119,1
DA:120,1
DA:121,1
DA:122,1
DA:123,1
DA:129,1
DA:130,1
DA:133,1
DA:134,1
DA:136,1
DA:137,1
DA:138,1
DA:139,1
DA:140,1
DA:142,1
DA:143,1
DA:149,1
DA:150,1
DA:153,1
DA:154,1
DA:156,1
DA:158,1
DA:160,1
DA:161,1
LF:90
LH:77
BRDA:104,1,0,1
BRDA:104,1,1,0
BRF:2
BRH:1
end_of_record
TN:
SF:/Users/mattstyles/projects/raid/raid/lib/index.js
FN:11,_interopRequireDefault
FNF:1
FNH:1
FNDA:1,_interopRequireDefault
DA:3,1
DA:7,1
DA:9,1
DA:11,1
DA:13,1
DA:17,1
DA:19,1
LF:7
LH:7
BRDA:11,1,0,1
BRDA:11,1,1,0
BRDA:11,2,0,1
BRDA:11,2,1,1
BRF:4
BRH:3
end_of_record
TN:
SF:/Users/mattstyles/projects/raid/raid/lib/signal.js
FN:7,(anonymous_1)
FN:7,(anonymous_2)
FN:17,_interopRequireDefault
FN:19,_classCallCheck
FN:32,Signal
FN:39,(anonymous_6)
FN:47,(anonymous_7)
FN:53,(anonymous_8)
FN:59,dispose
FN:64,(anonymous_10)
FN:74,(anonymous_11)
FN:79,(anonymous_12)
FNF:12
FNH:11
FNDA:4,(anonymous_1)
FNDA:0,(anonymous_2)
FNDA:1,_interopRequireDefault
FNDA:10,_classCallCheck
FNDA:10,Signal
FNDA:4,(anonymous_6)
FNDA:7,(anonymous_7)
FNDA:9,(anonymous_8)
FNDA:1,dispose
FNDA:2,(anonymous_10)
FNDA:3,(anonymous_11)
FNDA:4,(anonymous_12)
DA:3,1
DA:7,4
DA:9,1
DA:11,1
DA:13,1
DA:15,1
DA:17,1
DA:19,10
DA:25,1
DA:33,10
DA:35,10
DA:37,10
DA:39,10
DA:40,4
DA:41,1
DA:44,3
DA:47,10
DA:48,7
DA:51,10
DA:53,10
DA:54,9
DA:57,9
DA:59,9
DA:60,1
DA:64,10
DA:65,2
DA:68,10
DA:69,10
DA:74,10
DA:79,3
DA:80,4
DA:123,1
LF:32
LH:32
BRDA:7,1,0,1
BRDA:7,1,1,0
BRDA:7,2,0,1
BRDA:7,2,1,1
BRDA:7,3,0,0
BRDA:7,3,1,0
BRDA:7,4,0,0
BRDA:7,4,1,0
BRDA:7,4,2,0
BRDA:7,4,3,0
BRDA:17,5,0,0
BRDA:17,5,1,1
BRDA:17,6,0,1
BRDA:17,6,1,1
BRDA:19,7,0,0
BRDA:19,7,1,10
BRDA:35,8,0,4
BRDA:35,8,1,6
BRDA:35,9,0,10
BRDA:35,9,1,4
BRDA:40,10,0,1
BRDA:40,10,1,3
BRDA:40,11,0,0
BRDA:40,11,1,4
BRDA:54,12,0,2
BRDA:54,12,1,7
BRDA:54,13,0,9
BRDA:54,13,1,2
BRF:28
BRH:18
end_of_record
TN:
SF:/Users/mattstyles/projects/raid/raid/lib/utils.js
FN:15,fold
FN:48,uid
FNF:2
FNH:2
FNDA:3,fold
FNDA:7,uid
DA:3,1
DA:15,1
DA:16,3
DA:17,3
DA:18,3
DA:20,3
DA:21,3
DA:22,4
DA:24,4
DA:27,0
DA:28,0
DA:30,3
DA:31,3
DA:32,0
DA:35,3
DA:36,0
DA:41,3
DA:48,1
DA:49,7
LF:19
LH:15
BRDA:31,1,0,0
BRDA:31,1,1,3
BRDA:31,2,0,3
BRDA:31,2,1,0
BRDA:35,3,0,0
BRDA:35,3,1,3
BRF:6
BRH:3
end_of_record
